<?xml version="1.0" encoding="UTF-8"?>
<!-- Generated by org.testng.reporters.JUnitReportReporter -->
<testsuite skipped="0" hostname="USER-PC" name="com.qa.restassuredapi.BestBuyProductDeleteTest" tests="1" failures="0" timestamp="02 Jul 2020 17:20:29 GMT" time="2.435" errors="0">
  <testcase name="ProductDelete" time="2.435" classname="com.qa.restassuredapi.BestBuyProductDeleteTest"/>
</testsuite> <!-- com.qa.restassuredapi.BestBuyProductDeleteTest -->
