<?xml version="1.0" encoding="UTF-8"?>
<!-- Generated by org.testng.reporters.JUnitReportReporter -->
<testsuite skipped="0" hostname="USER-PC" name="com.qa.restassuredapi.BestBuyProductGet" tests="1" failures="0" timestamp="02 Jul 2020 17:07:50 GMT" time="2.614" errors="0">
  <testcase name="GetProduct" time="2.614" classname="com.qa.restassuredapi.BestBuyProductGet"/>
</testsuite> <!-- com.qa.restassuredapi.BestBuyProductGet -->
