<?xml version="1.0" encoding="UTF-8"?>
<!-- Generated by org.testng.reporters.JUnitReportReporter -->
<testsuite skipped="0" hostname="USER-PC" name="com.qa.restassuredapi.BestBuyProductPostTest" tests="1" failures="0" timestamp="02 Jul 2020 17:19:52 GMT" time="3.286" errors="0">
  <testcase name="PostProduct" time="3.286" classname="com.qa.restassuredapi.BestBuyProductPostTest"/>
</testsuite> <!-- com.qa.restassuredapi.BestBuyProductPostTest -->
